# Time-averaged data for fix 2
# TimeStep v_kinEnergy v_temperature
51000 3.02168 2.02603
52000 2.88803 1.93642
53000 2.71972 1.82357
54000 2.79647 1.87502
55000 3.20175 2.14677
56000 3.04188 2.03958
57000 2.83877 1.90339
58000 2.98078 1.9986
59000 3.41326 2.28858
60000 3.25871 2.18496
61000 2.93575 1.96841
62000 2.93943 1.97088
63000 3.0199 2.02484
64000 3.18031 2.13239
65000 2.93959 1.97099
66000 2.71442 1.82001
67000 2.90289 1.94638
68000 3.07728 2.06331
69000 3.07721 2.06326
70000 2.91182 1.95237
71000 2.89671 1.94224
72000 3.0384 2.03724
73000 3.31392 2.22198
74000 3.00602 2.01553
75000 2.8592 1.91709
76000 2.9578 1.9832
77000 3.12391 2.09458
78000 3.33365 2.23521
79000 3.11585 2.08917
80000 2.78135 1.86489
81000 2.90085 1.94501
82000 3.14415 2.10814
83000 3.12884 2.09788
84000 2.7763 1.86151
85000 2.70874 1.81621
86000 2.90326 1.94663
87000 3.09299 2.07385
88000 3.09098 2.0725
89000 2.80108 1.87812
90000 2.69709 1.80839
91000 3.06938 2.05802
92000 3.12496 2.09528
93000 2.92894 1.96385
94000 2.8373 1.9024
95000 3.02456 2.02796
96000 3.3082 2.21814
97000 3.05209 2.04642
98000 2.92865 1.96365
99000 2.96456 1.98773
100000 3.04231 2.03986
101000 3.11916 2.09139
102000 2.85605 1.91497
103000 2.73807 1.83587
104000 3.01926 2.02441
105000 3.17149 2.12648
106000 3.05775 2.05022
107000 2.92301 1.95987
108000 2.91366 1.95361
109000 3.09716 2.07664
110000 3.35546 2.24983
111000 3.30447 2.21564
112000 2.91686 1.95575
113000 2.83395 1.90016
114000 3.13191 2.09994
115000 3.11002 2.08527
116000 2.7389 1.83643
117000 2.69889 1.8096
118000 2.96067 1.98512
119000 3.03948 2.03797
120000 2.96816 1.99014
121000 2.92824 1.96338
122000 2.78602 1.86802
123000 2.98322 2.00024
124000 3.17985 2.13208
125000 3.09981 2.07842
126000 2.75952 1.85025
127000 2.86226 1.91914
128000 2.97026 1.99156
129000 3.0404 2.03858
130000 3.01518 2.02167
131000 2.68198 1.79826
132000 2.72531 1.82732
133000 3.04814 2.04377
134000 3.09325 2.07402
135000 2.93582 1.96846
136000 2.77525 1.8608
137000 3.09479 2.07505
138000 3.27386 2.19511
139000 3.00868 2.01731
140000 2.83813 1.90296
141000 2.92776 1.96306
142000 3.1282 2.09745
143000 3.03012 2.03169
144000 2.83866 1.90332
145000 2.91179 1.95235
146000 3.01486 2.02146
147000 3.08479 2.06835
148000 2.96304 1.98671
149000 2.78964 1.87045
150000 2.81878 1.88999
151000 3.23091 2.16632
152000 3.16114 2.11954
153000 2.91278 1.95301
154000 2.89013 1.93782
155000 3.06696 2.05639
156000 3.33265 2.23454
157000 3.26871 2.19167
158000 2.86042 1.9179
159000 2.8152 1.88758
160000 3.06744 2.05671
161000 3.17501 2.12883
162000 3.00277 2.01335
163000 2.89961 1.94418
164000 2.92827 1.9634
165000 3.04956 2.04473
166000 3.10527 2.08208
167000 2.84867 1.91003
168000 2.72156 1.8248
169000 2.98566 2.00188
170000 3.1588 2.11797
171000 2.99493 2.0081
172000 2.88801 1.93641
173000 3.08873 2.07099
174000 3.36404 2.25559
175000 3.0948 2.07506
176000 2.84818 1.9097
177000 2.93794 1.96988
178000 3.09776 2.07704
179000 3.24472 2.17558
180000 2.91709 1.9559
181000 2.77964 1.86374
182000 2.99473 2.00796
183000 3.18187 2.13344
184000 2.98305 2.00013
185000 2.64654 1.7745
186000 2.80919 1.88356
187000 3.04991 2.04496
188000 3.10264 2.08031
189000 2.88725 1.93589
190000 2.74205 1.83854
191000 2.94384 1.97384
192000 3.24989 2.17905
193000 3.03834 2.0372
194000 2.80849 1.88308
195000 2.89058 1.93813
196000 3.13552 2.10236
197000 3.09859 2.0776
198000 2.97467 1.99451
199000 2.96249 1.98634
200000 2.88379 1.93357
201000 3.05749 2.05004
202000 3.16964 2.12524
203000 3.07279 2.0603
204000 2.76415 1.85335
205000 2.83982 1.90409
206000 3.06883 2.05765
207000 3.05464 2.04813
208000 2.98671 2.00258
209000 2.89275 1.93958
210000 3.01838 2.02382
211000 3.3473 2.24436
212000 3.04435 2.04123
213000 2.90285 1.94636
214000 2.94655 1.97566
215000 3.09381 2.0744
216000 3.14727 2.11024
217000 3.02075 2.0254
218000 2.81501 1.88746
219000 2.91752 1.95619
220000 3.19834 2.14448
221000 3.19238 2.14048
222000 2.78395 1.86664
223000 2.79766 1.87582
224000 3.05547 2.04869
225000 3.08738 2.07008
226000 2.83984 1.90411
227000 2.57619 1.72733
228000 2.81749 1.88912
229000 3.14029 2.10556
230000 2.99176 2.00597
231000 2.83977 1.90406
232000 2.95231 1.97952
233000 3.22062 2.15942
234000 3.20283 2.14749
235000 2.82483 1.89404
236000 2.86513 1.92106
237000 3.00089 2.01209
238000 3.12462 2.09505
239000 2.85794 1.91625
240000 2.62985 1.76331
241000 2.8185 1.8898
242000 2.97849 1.99707
243000 3.07995 2.0651
244000 2.91482 1.95438
245000 2.75365 1.84632
246000 2.9455 1.97495
247000 3.2517 2.18026
248000 3.08208 2.06653
249000 2.85633 1.91516
250000 2.87116 1.92511
251000 3.02982 2.03149
252000 3.04073 2.03881
253000 2.96407 1.98741
254000 2.71539 1.82067
255000 2.52474 1.69283
256000 2.87074 1.92482
257000 3.11519 2.08873
258000 3.02425 2.02775
259000 2.8327 1.89932
260000 2.81169 1.88523
261000 3.21139 2.15323
262000 3.23721 2.17054
263000 2.94378 1.9738
264000 2.90907 1.95053
265000 2.96572 1.98851
266000 3.11975 2.09179
267000 3.10047 2.07886
268000 2.88544 1.93468
269000 2.80444 1.88037
270000 3.02483 2.02815
271000 3.23223 2.1672
272000 2.97386 1.99397
273000 2.78937 1.87027
274000 2.80413 1.88016
275000 3.00432 2.01439
276000 3.18547 2.13585
277000 2.91798 1.9565
278000 2.69764 1.80876
279000 2.87289 1.92627
280000 3.00835 2.01709
281000 3.00515 2.01494
282000 2.97288 1.99331
283000 2.76564 1.85436
284000 2.77123 1.8581
285000 3.12756 2.09702
286000 3.12072 2.09244
287000 2.9515 1.97898
288000 2.84462 1.90731
289000 3.0546 2.0481
290000 3.37903 2.26564
291000 3.02092 2.02552
292000 2.89057 1.93812
293000 2.89598 1.94175
294000 3.19519 2.14237
295000 3.3217 2.2272
296000 2.81021 1.88424
297000 2.83385 1.90009
298000 3.04319 2.04045
299000 3.17808 2.1309
300000 2.90385 1.94702
301000 2.69659 1.80806
302000 2.87861 1.9301
303000 2.98348 2.00042
304000 3.04383 2.04088
305000 3.06171 2.05287
306000 2.82648 1.89515
307000 2.66743 1.78851
308000 3.03384 2.03418
309000 3.12911 2.09806
310000 2.9609 1.98527
311000 2.8668 1.92218
312000 2.96131 1.98555
313000 3.29303 2.20797
314000 3.07722 2.06327
315000 2.85278 1.91278
316000 2.85199 1.91226
317000 3.01493 2.0215
318000 3.07814 2.06389
319000 3.00183 2.01272
320000 2.94275 1.97311
321000 2.97961 1.99782
322000 3.14924 2.11156
323000 2.96458 1.98775
324000 2.80662 1.88184
325000 2.92858 1.96361
326000 3.24662 2.17685
327000 3.08434 2.06805
328000 2.80135 1.8783
329000 2.85779 1.91614
330000 2.97908 1.99747
331000 3.08727 2.07001
332000 3.03943 2.03793
333000 2.74557 1.8409
334000 2.79363 1.87312
335000 3.08793 2.07045
336000 3.08643 2.06944
337000 3.06717 2.05653
338000 2.92428 1.96073
339000 2.84627 1.90842
340000 3.29052 2.20629
341000 3.33727 2.23763
342000 3.04507 2.04171
343000 2.88317 1.93316
344000 2.95738 1.98292
345000 3.17551 2.12917
346000 3.30406 2.21536
347000 2.92633 1.9621
348000 2.79317 1.87281
349000 2.9726 1.99312
350000 3.14258 2.1071
351000 3.02595 2.02889
352000 2.6808 1.79747
353000 2.4476 1.64111
354000 2.91885 1.95709
355000 3.13645 2.10299
356000 3.05688 2.04964
357000 2.79969 1.87719
358000 2.90994 1.95111
359000 3.15487 2.11533
360000 3.18134 2.13308
361000 2.79302 1.87271
362000 2.74148 1.83816
363000 3.01917 2.02435
364000 3.0861 2.06923
365000 2.92487 1.96112
366000 2.66602 1.78756
367000 2.66576 1.78739
368000 3.08356 2.06752
369000 3.13716 2.10346
370000 2.89429 1.94061
371000 2.81515 1.88755
372000 3.1421 2.10677
373000 3.33487 2.23603
374000 3.05486 2.04828
375000 2.85361 1.91334
376000 3.00151 2.01251
377000 3.18442 2.13514
378000 3.01948 2.02455
379000 2.7137 1.81953
380000 2.88314 1.93314
381000 3.10932 2.08479
382000 3.04426 2.04117
383000 2.98679 2.00264
384000 2.69053 1.804
385000 2.4364 1.6336
386000 2.83409 1.90025
387000 3.01688 2.02281
388000 3.06896 2.05773
389000 2.93542 1.96819
390000 2.82641 1.89511
391000 2.88585 1.93496
392000 3.24012 2.17249
393000 3.16757 2.12385
394000 2.88618 1.93518
395000 2.89667 1.94221
396000 3.04352 2.04068
397000 3.08762 2.07024
398000 2.95429 1.98084
399000 2.71065 1.81749
400000 2.92646 1.96219
401000 3.14176 2.10654
402000 3.06611 2.05582
403000 2.89387 1.94033
404000 2.87013 1.92442
405000 3.22572 2.16284
406000 3.27958 2.19895
407000 2.91987 1.95776
408000 2.86437 1.92055
409000 2.98239 1.99969
410000 3.2832 2.20138
411000 3.0852 2.06862
412000 2.76004 1.8506
413000 2.8131 1.88618
414000 3.15705 2.1168
415000 3.06992 2.05838
416000 2.8303 1.89771
417000 2.88452 1.93406
418000 3.36152 2.25389
419000 3.22641 2.1633
420000 2.92926 1.96407
421000 2.85824 1.91644
422000 3.03745 2.03661
423000 3.25361 2.18154
424000 2.94663 1.97571
425000 2.7106 1.81745
426000 2.90621 1.94861
427000 3.14981 2.11194
428000 3.02642 2.02921
429000 2.80911 1.8835
430000 2.86734 1.92255
431000 3.1943 2.14177
432000 3.24823 2.17793
433000 2.89592 1.94171
434000 2.83942 1.90382
435000 3.04066 2.03876
436000 3.21177 2.15348
437000 2.81038 1.88436
438000 2.67085 1.7908
439000 3.00995 2.01817
440000 3.06256 2.05344
441000 2.96623 1.98885
442000 2.8236 1.89322
443000 2.7442 1.83998
444000 2.99963 2.01125
445000 3.19808 2.14431
446000 3.0388 2.03751
447000 2.83333 1.89975
448000 2.9116 1.95222
449000 2.99392 2.00742
450000 3.03298 2.0336
451000 2.93371 1.96705
452000 2.75953 1.85026
453000 2.93908 1.97065
454000 3.16388 2.12138
455000 3.09724 2.0767
456000 2.72994 1.83042
457000 2.80135 1.8783
458000 2.89821 1.94324
459000 2.98424 2.00092
460000 3.10486 2.0818
461000 3.00926 2.0177
462000 2.6531 1.7789
463000 2.85403 1.91362
464000 3.07896 2.06443
465000 3.05855 2.05075
466000 2.9148 1.95437
467000 2.80647 1.88173
468000 3.01415 2.02098
469000 3.20756 2.15066
470000 3.08453 2.06817
471000 2.80593 1.88137
472000 2.87471 1.92749
473000 3.09677 2.07638
474000 3.06587 2.05566
475000 2.96069 1.98514
476000 2.97033 1.9916
477000 3.03806 2.03701
478000 2.90636 1.94871
479000 2.7775 1.86231
480000 3.00597 2.0155
481000 3.25819 2.18461
482000 2.9844 2.00104
483000 2.7589 1.84984
484000 2.93786 1.96983
485000 3.05515 2.04848
486000 2.98844 2.00374
487000 2.81898 1.89012
488000 2.68956 1.80335
489000 2.9918 2.00599
490000 3.15901 2.11811
491000 2.99258 2.00652
492000 2.87045 1.92463
493000 2.94636 1.97553
494000 3.30902 2.21869
495000 3.20123 2.14642
496000 2.90373 1.94695
497000 2.8452 1.9077
498000 3.09317 2.07396
499000 3.18623 2.13636
500000 2.80536 1.88099
