# Time-averaged data for fix 2
# TimeStep v_kinEnergy v_temperature
51000 2.95955 1.98438
52000 2.95955 1.98438
53000 2.95955 1.98438
54000 2.95955 1.98438
55000 2.95955 1.98438
56000 2.95955 1.98438
57000 2.95955 1.98438
58000 2.95955 1.98438
59000 2.95955 1.98438
60000 2.95955 1.98438
61000 2.95955 1.98438
62000 2.95955 1.98438
63000 2.95955 1.98438
64000 2.95955 1.98438
65000 2.95955 1.98438
66000 2.95955 1.98438
67000 2.95955 1.98438
68000 2.95955 1.98438
69000 2.95955 1.98438
70000 2.95955 1.98438
71000 2.95955 1.98438
72000 2.95955 1.98438
73000 2.95955 1.98438
74000 2.95955 1.98438
75000 2.95955 1.98438
76000 2.95955 1.98438
77000 2.95955 1.98438
78000 2.95955 1.98438
79000 2.95955 1.98438
80000 2.95955 1.98438
81000 2.95955 1.98438
82000 2.95955 1.98438
83000 2.95955 1.98438
84000 2.95955 1.98438
85000 2.95955 1.98438
86000 2.95955 1.98438
87000 2.95955 1.98438
88000 2.95955 1.98438
89000 2.95955 1.98438
90000 2.95955 1.98438
91000 2.95955 1.98438
92000 2.95955 1.98438
93000 2.95955 1.98438
94000 2.95955 1.98438
95000 2.95955 1.98438
96000 2.95955 1.98438
97000 2.95955 1.98438
98000 2.95955 1.98438
99000 2.95955 1.98438
100000 2.95955 1.98438
101000 2.95955 1.98438
102000 2.95955 1.98438
103000 2.95955 1.98438
104000 2.95955 1.98438
105000 2.95955 1.98438
106000 2.95955 1.98438
107000 2.95955 1.98438
108000 2.95955 1.98438
109000 2.95955 1.98438
110000 2.95955 1.98438
111000 2.95955 1.98438
112000 2.95955 1.98438
113000 2.95955 1.98438
114000 2.95955 1.98438
115000 2.95955 1.98438
116000 2.95955 1.98438
117000 2.95955 1.98438
118000 2.95955 1.98438
119000 2.95955 1.98438
120000 2.95955 1.98438
121000 2.95955 1.98438
122000 2.95955 1.98438
123000 2.95955 1.98438
124000 2.95955 1.98438
125000 2.95955 1.98438
126000 2.95955 1.98438
127000 2.95955 1.98438
128000 2.95955 1.98438
129000 2.95955 1.98438
130000 2.95955 1.98438
131000 2.95955 1.98438
132000 2.95955 1.98438
133000 2.95955 1.98438
134000 2.95955 1.98438
135000 2.95955 1.98438
136000 2.95955 1.98438
137000 2.95955 1.98438
138000 2.95955 1.98438
139000 2.95955 1.98438
140000 2.95955 1.98438
141000 2.95955 1.98438
142000 2.95955 1.98438
143000 2.95955 1.98438
144000 2.95955 1.98438
145000 2.95955 1.98438
146000 2.95955 1.98438
147000 2.95955 1.98438
148000 2.95955 1.98438
149000 2.95955 1.98438
150000 2.95955 1.98438
151000 2.95955 1.98438
152000 2.95955 1.98438
153000 2.95955 1.98438
154000 2.95955 1.98438
155000 2.95955 1.98438
156000 2.95955 1.98438
157000 2.95955 1.98438
158000 2.95955 1.98438
159000 2.95955 1.98438
160000 2.95955 1.98438
161000 2.95955 1.98438
162000 2.95955 1.98438
163000 2.95955 1.98438
164000 2.95955 1.98438
165000 2.95955 1.98438
166000 2.95955 1.98438
167000 2.95955 1.98438
168000 2.95955 1.98438
169000 2.95955 1.98438
170000 2.95955 1.98438
171000 2.95955 1.98438
172000 2.95955 1.98438
173000 2.95955 1.98438
174000 2.95955 1.98438
175000 2.95955 1.98438
176000 2.95955 1.98438
177000 2.95955 1.98438
178000 2.95955 1.98438
179000 2.95955 1.98438
180000 2.95955 1.98438
181000 2.95955 1.98438
182000 2.95955 1.98438
183000 2.95955 1.98438
184000 2.95955 1.98438
185000 2.95955 1.98438
186000 2.95955 1.98438
187000 2.95955 1.98438
188000 2.95955 1.98438
189000 2.95955 1.98438
190000 2.95955 1.98438
191000 2.95955 1.98438
192000 2.95955 1.98438
193000 2.95955 1.98438
194000 2.95955 1.98438
195000 2.95955 1.98438
196000 2.95955 1.98438
197000 2.95955 1.98438
198000 2.95955 1.98438
199000 2.95955 1.98438
200000 2.95955 1.98438
201000 2.95955 1.98438
202000 2.95955 1.98438
203000 2.95955 1.98438
204000 2.95955 1.98438
205000 2.95955 1.98438
206000 2.95955 1.98438
207000 2.95955 1.98438
208000 2.95955 1.98438
209000 2.95955 1.98438
210000 2.95955 1.98438
211000 2.95955 1.98438
212000 2.95955 1.98438
213000 2.95955 1.98438
214000 2.95955 1.98438
215000 2.95955 1.98438
216000 2.95955 1.98438
217000 2.95955 1.98438
218000 2.95955 1.98438
219000 2.95955 1.98438
220000 2.95955 1.98438
221000 2.95955 1.98438
222000 2.95955 1.98438
223000 2.95955 1.98438
224000 2.95955 1.98438
225000 2.95955 1.98438
226000 2.95955 1.98438
227000 2.95955 1.98438
228000 2.95955 1.98438
229000 2.95955 1.98438
230000 2.95955 1.98438
231000 2.95955 1.98438
232000 2.95955 1.98438
233000 2.95955 1.98438
234000 2.95955 1.98438
235000 2.95955 1.98438
236000 2.95955 1.98438
237000 2.95955 1.98438
238000 2.95955 1.98438
239000 2.95955 1.98438
240000 2.95955 1.98438
241000 2.95955 1.98438
242000 2.95955 1.98438
243000 2.95955 1.98438
244000 2.95955 1.98438
245000 2.95955 1.98438
246000 2.95955 1.98438
247000 2.95955 1.98438
248000 2.95955 1.98438
249000 2.95955 1.98438
250000 2.95955 1.98438
251000 2.95955 1.98438
252000 2.95955 1.98438
253000 2.95955 1.98438
254000 2.95955 1.98438
255000 2.95955 1.98438
256000 2.95955 1.98438
257000 2.95955 1.98438
258000 2.95955 1.98438
259000 2.95955 1.98438
260000 2.95955 1.98438
261000 2.95955 1.98438
262000 2.95955 1.98438
263000 2.95955 1.98438
264000 2.95955 1.98438
265000 2.95955 1.98438
266000 2.95955 1.98438
267000 2.95955 1.98438
268000 2.95955 1.98438
269000 2.95955 1.98438
270000 2.95955 1.98438
271000 2.95955 1.98438
272000 2.95955 1.98438
273000 2.95955 1.98438
274000 2.95955 1.98438
275000 2.95955 1.98438
276000 2.95955 1.98438
277000 2.95955 1.98438
278000 2.95955 1.98438
279000 2.95955 1.98438
280000 2.95955 1.98438
281000 2.95955 1.98438
282000 2.95955 1.98438
283000 2.95955 1.98438
284000 2.95955 1.98438
285000 2.95955 1.98438
286000 2.95955 1.98438
287000 2.95955 1.98438
288000 2.95955 1.98438
289000 2.95955 1.98438
290000 2.95955 1.98438
291000 2.95955 1.98438
292000 2.95955 1.98438
293000 2.95955 1.98438
294000 2.95955 1.98438
295000 2.95955 1.98438
296000 2.95955 1.98438
297000 2.95955 1.98438
298000 2.95955 1.98438
299000 2.95955 1.98438
300000 2.95955 1.98438
301000 2.95955 1.98438
302000 2.95955 1.98438
303000 2.95955 1.98438
304000 2.95955 1.98438
305000 2.95955 1.98438
306000 2.95955 1.98438
307000 2.95955 1.98438
308000 2.95955 1.98438
309000 2.95955 1.98438
310000 2.95955 1.98438
311000 2.95955 1.98438
312000 2.95955 1.98438
313000 2.95955 1.98438
314000 2.95955 1.98438
315000 2.95955 1.98438
316000 2.95955 1.98438
317000 2.95955 1.98438
318000 2.95955 1.98438
319000 2.95955 1.98438
320000 2.95955 1.98438
321000 2.95955 1.98438
322000 2.95955 1.98438
323000 2.95955 1.98438
324000 2.95955 1.98438
325000 2.95955 1.98438
326000 2.95955 1.98438
327000 2.95955 1.98438
328000 2.95955 1.98438
329000 2.95955 1.98438
330000 2.95955 1.98438
331000 2.95955 1.98438
332000 2.95955 1.98438
333000 2.95955 1.98438
334000 2.95955 1.98438
335000 2.95955 1.98438
336000 2.95955 1.98438
337000 2.95955 1.98438
338000 2.95955 1.98438
339000 2.95955 1.98438
340000 2.95955 1.98438
341000 2.95955 1.98438
342000 2.95955 1.98438
343000 2.95955 1.98438
344000 2.95955 1.98438
345000 2.95955 1.98438
346000 2.95955 1.98438
347000 2.95955 1.98438
348000 2.95955 1.98438
349000 2.95955 1.98438
350000 2.95955 1.98438
351000 2.95955 1.98438
352000 2.95955 1.98438
353000 2.95955 1.98438
354000 2.95955 1.98438
355000 2.95955 1.98438
356000 2.95955 1.98438
357000 2.95955 1.98438
358000 2.95955 1.98438
359000 2.95955 1.98438
360000 2.95955 1.98438
361000 2.95955 1.98438
362000 2.95955 1.98438
363000 2.95955 1.98438
364000 2.95955 1.98438
365000 2.95955 1.98438
366000 2.95955 1.98438
367000 2.95955 1.98438
368000 2.95955 1.98438
369000 2.95955 1.98438
370000 2.95955 1.98438
371000 2.95955 1.98438
372000 2.95955 1.98438
373000 2.95955 1.98438
374000 2.95955 1.98438
375000 2.95955 1.98438
376000 2.95955 1.98438
377000 2.95955 1.98438
378000 2.95955 1.98438
379000 2.95955 1.98438
380000 2.95955 1.98438
381000 2.95955 1.98438
382000 2.95955 1.98438
383000 2.95955 1.98438
384000 2.95955 1.98438
385000 2.95955 1.98438
386000 2.95955 1.98438
387000 2.95955 1.98438
388000 2.95955 1.98438
389000 2.95955 1.98438
390000 2.95955 1.98438
391000 2.95955 1.98438
392000 2.95955 1.98438
393000 2.95955 1.98438
394000 2.95955 1.98438
395000 2.95955 1.98438
396000 2.95955 1.98438
397000 2.95955 1.98438
398000 2.95955 1.98438
399000 2.95955 1.98438
400000 2.95955 1.98438
401000 2.95955 1.98438
402000 2.95955 1.98438
403000 2.95955 1.98438
404000 2.95955 1.98438
405000 2.95955 1.98438
406000 2.95955 1.98438
407000 2.95955 1.98438
408000 2.95955 1.98438
409000 2.95955 1.98438
410000 2.95955 1.98438
411000 2.95955 1.98438
412000 2.95955 1.98438
413000 2.95955 1.98438
414000 2.95955 1.98438
415000 2.95955 1.98438
416000 2.95955 1.98438
417000 2.95955 1.98438
418000 2.95955 1.98438
419000 2.95955 1.98438
420000 2.95955 1.98438
421000 2.95955 1.98438
422000 2.95955 1.98438
423000 2.95955 1.98438
424000 2.95955 1.98438
425000 2.95955 1.98438
426000 2.95955 1.98438
427000 2.95955 1.98438
428000 2.95955 1.98438
429000 2.95955 1.98438
430000 2.95955 1.98438
431000 2.95955 1.98438
432000 2.95955 1.98438
433000 2.95955 1.98438
434000 2.95955 1.98438
435000 2.95955 1.98438
436000 2.95955 1.98438
437000 2.95955 1.98438
438000 2.95955 1.98438
439000 2.95955 1.98438
440000 2.95955 1.98438
441000 2.95955 1.98438
442000 2.95955 1.98438
443000 2.95955 1.98438
444000 2.95955 1.98438
445000 2.95955 1.98438
446000 2.95955 1.98438
447000 2.95955 1.98438
448000 2.95955 1.98438
449000 2.95955 1.98438
450000 2.95955 1.98438
451000 2.95955 1.98438
452000 2.95955 1.98438
453000 2.95955 1.98438
454000 2.95955 1.98438
455000 2.95955 1.98438
456000 2.95955 1.98438
457000 2.95955 1.98438
458000 2.95955 1.98438
459000 2.95955 1.98438
460000 2.95955 1.98438
461000 2.95955 1.98438
462000 2.95955 1.98438
463000 2.95955 1.98438
464000 2.95955 1.98438
465000 2.95955 1.98438
466000 2.95955 1.98438
467000 2.95955 1.98438
468000 2.95955 1.98438
469000 2.95955 1.98438
470000 2.95955 1.98438
471000 2.95955 1.98438
472000 2.95955 1.98438
473000 2.95955 1.98438
474000 2.95955 1.98438
475000 2.95955 1.98438
476000 2.95955 1.98438
477000 2.95955 1.98438
478000 2.95955 1.98438
479000 2.95955 1.98438
480000 2.95955 1.98438
481000 2.95955 1.98438
482000 2.95955 1.98438
483000 2.95955 1.98438
484000 2.95955 1.98438
485000 2.95955 1.98438
486000 2.95955 1.98438
487000 2.95955 1.98438
488000 2.95955 1.98438
489000 2.95955 1.98438
490000 2.95955 1.98438
491000 2.95955 1.98438
492000 2.95955 1.98438
493000 2.95955 1.98438
494000 2.95955 1.98438
495000 2.95955 1.98438
496000 2.95955 1.98438
497000 2.95955 1.98438
498000 2.95955 1.98438
499000 2.95955 1.98438
500000 2.95955 1.98438
