# Time-averaged data for fix 2
# TimeStep v_kinEnergy v_temperature
51000 2.9468 1.98437
52000 2.9468 1.98437
53000 2.9468 1.98437
54000 2.9468 1.98437
55000 2.9468 1.98437
56000 2.9468 1.98437
57000 2.9468 1.98437
58000 2.9468 1.98437
59000 2.9468 1.98437
60000 2.9468 1.98437
61000 2.9468 1.98437
62000 2.9468 1.98437
63000 2.9468 1.98437
64000 2.9468 1.98437
65000 2.9468 1.98437
66000 2.9468 1.98437
67000 2.9468 1.98437
68000 2.9468 1.98437
69000 2.9468 1.98437
70000 2.9468 1.98437
71000 2.9468 1.98437
72000 2.9468 1.98437
73000 2.9468 1.98437
74000 2.9468 1.98437
75000 2.9468 1.98437
76000 2.9468 1.98437
77000 2.9468 1.98437
78000 2.9468 1.98437
79000 2.9468 1.98437
80000 2.9468 1.98437
81000 2.9468 1.98437
82000 2.9468 1.98437
83000 2.9468 1.98437
84000 2.9468 1.98437
85000 2.9468 1.98437
86000 2.9468 1.98437
87000 2.9468 1.98437
88000 2.9468 1.98437
89000 2.9468 1.98437
90000 2.9468 1.98437
91000 2.9468 1.98437
92000 2.9468 1.98437
93000 2.9468 1.98437
94000 2.9468 1.98437
95000 2.9468 1.98437
96000 2.9468 1.98437
97000 2.9468 1.98437
98000 2.9468 1.98437
99000 2.9468 1.98437
100000 2.9468 1.98437
101000 2.9468 1.98437
102000 2.9468 1.98437
103000 2.9468 1.98437
104000 2.9468 1.98437
105000 2.9468 1.98437
106000 2.9468 1.98437
107000 2.9468 1.98437
108000 2.9468 1.98437
109000 2.9468 1.98437
110000 2.9468 1.98437
111000 2.9468 1.98437
112000 2.9468 1.98437
113000 2.9468 1.98437
114000 2.9468 1.98437
115000 2.9468 1.98437
116000 2.9468 1.98437
117000 2.9468 1.98437
118000 2.9468 1.98437
119000 2.9468 1.98437
120000 2.9468 1.98437
121000 2.9468 1.98437
122000 2.9468 1.98437
123000 2.9468 1.98437
124000 2.9468 1.98437
125000 2.9468 1.98437
126000 2.9468 1.98437
127000 2.9468 1.98437
128000 2.9468 1.98437
129000 2.9468 1.98437
130000 2.9468 1.98437
131000 2.9468 1.98437
132000 2.9468 1.98437
133000 2.9468 1.98437
134000 2.9468 1.98437
135000 2.9468 1.98437
136000 2.9468 1.98437
137000 2.9468 1.98437
138000 2.9468 1.98437
139000 2.9468 1.98437
140000 2.9468 1.98437
141000 2.9468 1.98437
142000 2.9468 1.98437
143000 2.9468 1.98437
144000 2.9468 1.98437
145000 2.9468 1.98437
146000 2.9468 1.98437
147000 2.9468 1.98437
148000 2.9468 1.98437
149000 2.9468 1.98437
150000 2.9468 1.98437
151000 2.9468 1.98437
152000 2.9468 1.98437
153000 2.9468 1.98437
154000 2.9468 1.98437
155000 2.9468 1.98437
156000 2.9468 1.98437
157000 2.9468 1.98437
158000 2.9468 1.98437
159000 2.9468 1.98437
160000 2.9468 1.98437
161000 2.9468 1.98437
162000 2.9468 1.98437
163000 2.9468 1.98437
164000 2.9468 1.98437
165000 2.9468 1.98437
166000 2.9468 1.98437
167000 2.9468 1.98437
168000 2.9468 1.98437
169000 2.9468 1.98437
170000 2.9468 1.98437
171000 2.9468 1.98437
172000 2.9468 1.98437
173000 2.9468 1.98437
174000 2.9468 1.98437
175000 2.9468 1.98437
176000 2.9468 1.98437
177000 2.9468 1.98437
178000 2.9468 1.98437
179000 2.9468 1.98437
180000 2.9468 1.98437
181000 2.9468 1.98437
182000 2.9468 1.98437
183000 2.9468 1.98437
184000 2.9468 1.98437
185000 2.9468 1.98437
186000 2.9468 1.98437
187000 2.9468 1.98437
188000 2.9468 1.98437
189000 2.9468 1.98437
190000 2.9468 1.98437
191000 2.9468 1.98437
192000 2.9468 1.98437
193000 2.9468 1.98437
194000 2.9468 1.98437
195000 2.9468 1.98437
196000 2.9468 1.98437
197000 2.9468 1.98437
198000 2.9468 1.98437
199000 2.9468 1.98437
200000 2.9468 1.98437
201000 2.9468 1.98437
202000 2.9468 1.98437
203000 2.9468 1.98437
204000 2.9468 1.98437
205000 2.9468 1.98437
206000 2.9468 1.98437
207000 2.9468 1.98437
208000 2.9468 1.98437
209000 2.9468 1.98437
210000 2.9468 1.98437
211000 2.9468 1.98437
212000 2.9468 1.98437
213000 2.9468 1.98437
214000 2.9468 1.98437
215000 2.9468 1.98437
216000 2.9468 1.98437
217000 2.9468 1.98437
218000 2.9468 1.98437
219000 2.9468 1.98437
220000 2.9468 1.98437
221000 2.9468 1.98437
222000 2.9468 1.98437
223000 2.9468 1.98437
224000 2.9468 1.98437
225000 2.9468 1.98437
226000 2.9468 1.98437
227000 2.9468 1.98437
228000 2.9468 1.98437
229000 2.9468 1.98437
230000 2.9468 1.98437
231000 2.9468 1.98437
232000 2.9468 1.98437
233000 2.9468 1.98437
234000 2.9468 1.98437
235000 2.9468 1.98437
236000 2.9468 1.98437
237000 2.9468 1.98437
238000 2.9468 1.98437
239000 2.9468 1.98437
240000 2.9468 1.98437
241000 2.9468 1.98437
242000 2.9468 1.98437
243000 2.9468 1.98437
244000 2.9468 1.98437
245000 2.9468 1.98437
246000 2.9468 1.98437
247000 2.9468 1.98437
248000 2.9468 1.98437
249000 2.9468 1.98437
250000 2.9468 1.98437
251000 2.9468 1.98437
252000 2.9468 1.98437
253000 2.9468 1.98437
254000 2.9468 1.98437
255000 2.9468 1.98437
256000 2.9468 1.98437
257000 2.9468 1.98437
258000 2.9468 1.98437
259000 2.9468 1.98437
260000 2.9468 1.98437
261000 2.9468 1.98437
262000 2.9468 1.98437
263000 2.9468 1.98437
264000 2.9468 1.98437
265000 2.9468 1.98437
266000 2.9468 1.98437
267000 2.9468 1.98437
268000 2.9468 1.98437
269000 2.9468 1.98437
270000 2.9468 1.98437
271000 2.9468 1.98437
272000 2.9468 1.98437
273000 2.9468 1.98437
274000 2.9468 1.98437
275000 2.9468 1.98437
276000 2.9468 1.98437
277000 2.9468 1.98437
278000 2.9468 1.98437
279000 2.9468 1.98437
280000 2.9468 1.98437
281000 2.9468 1.98437
282000 2.9468 1.98437
283000 2.9468 1.98437
284000 2.9468 1.98437
285000 2.9468 1.98437
286000 2.9468 1.98437
287000 2.9468 1.98437
288000 2.9468 1.98437
289000 2.9468 1.98437
290000 2.9468 1.98437
291000 2.9468 1.98437
292000 2.9468 1.98437
293000 2.9468 1.98437
294000 2.9468 1.98437
295000 2.9468 1.98437
296000 2.9468 1.98437
297000 2.9468 1.98437
298000 2.9468 1.98437
299000 2.9468 1.98437
300000 2.9468 1.98437
301000 2.9468 1.98437
302000 2.9468 1.98437
303000 2.9468 1.98437
304000 2.9468 1.98437
305000 2.9468 1.98437
306000 2.9468 1.98437
307000 2.9468 1.98437
308000 2.9468 1.98437
309000 2.9468 1.98437
310000 2.9468 1.98437
311000 2.9468 1.98437
312000 2.9468 1.98437
313000 2.9468 1.98437
314000 2.9468 1.98437
315000 2.9468 1.98437
316000 2.9468 1.98437
317000 2.9468 1.98437
318000 2.9468 1.98437
319000 2.9468 1.98437
320000 2.9468 1.98437
321000 2.9468 1.98437
322000 2.9468 1.98437
323000 2.9468 1.98437
324000 2.9468 1.98437
325000 2.9468 1.98437
326000 2.9468 1.98437
327000 2.9468 1.98437
328000 2.9468 1.98437
329000 2.9468 1.98437
330000 2.9468 1.98437
331000 2.9468 1.98437
332000 2.9468 1.98437
333000 2.9468 1.98437
334000 2.9468 1.98437
335000 2.9468 1.98437
336000 2.9468 1.98437
337000 2.9468 1.98437
338000 2.9468 1.98437
339000 2.9468 1.98437
340000 2.9468 1.98437
341000 2.9468 1.98437
342000 2.9468 1.98437
343000 2.9468 1.98437
344000 2.9468 1.98437
345000 2.9468 1.98437
346000 2.9468 1.98437
347000 2.9468 1.98437
348000 2.9468 1.98437
349000 2.9468 1.98437
350000 2.9468 1.98437
351000 2.9468 1.98437
352000 2.9468 1.98437
353000 2.9468 1.98437
354000 2.9468 1.98437
355000 2.9468 1.98437
356000 2.9468 1.98437
357000 2.9468 1.98437
358000 2.9468 1.98437
359000 2.9468 1.98437
360000 2.9468 1.98437
361000 2.9468 1.98437
362000 2.9468 1.98437
363000 2.9468 1.98437
364000 2.9468 1.98437
365000 2.9468 1.98437
366000 2.9468 1.98437
367000 2.9468 1.98437
368000 2.9468 1.98437
369000 2.9468 1.98437
370000 2.9468 1.98437
371000 2.9468 1.98437
372000 2.9468 1.98437
373000 2.9468 1.98437
374000 2.9468 1.98437
375000 2.9468 1.98437
376000 2.9468 1.98437
377000 2.9468 1.98437
378000 2.9468 1.98437
379000 2.9468 1.98437
380000 2.9468 1.98437
381000 2.9468 1.98437
382000 2.9468 1.98437
383000 2.9468 1.98437
384000 2.9468 1.98437
385000 2.9468 1.98437
386000 2.9468 1.98437
387000 2.9468 1.98437
388000 2.9468 1.98437
389000 2.9468 1.98437
390000 2.9468 1.98437
391000 2.9468 1.98437
392000 2.9468 1.98437
393000 2.9468 1.98437
394000 2.9468 1.98437
395000 2.9468 1.98437
396000 2.9468 1.98437
397000 2.9468 1.98437
398000 2.9468 1.98437
399000 2.9468 1.98437
400000 2.9468 1.98437
401000 2.9468 1.98437
402000 2.9468 1.98437
403000 2.9468 1.98437
404000 2.9468 1.98437
405000 2.9468 1.98437
406000 2.9468 1.98437
407000 2.9468 1.98437
408000 2.9468 1.98437
409000 2.9468 1.98437
410000 2.9468 1.98437
411000 2.9468 1.98437
412000 2.9468 1.98437
413000 2.9468 1.98437
414000 2.9468 1.98437
415000 2.9468 1.98437
416000 2.9468 1.98437
417000 2.9468 1.98437
418000 2.9468 1.98437
419000 2.9468 1.98437
420000 2.9468 1.98437
421000 2.9468 1.98437
422000 2.9468 1.98437
423000 2.9468 1.98437
424000 2.9468 1.98437
425000 2.9468 1.98437
426000 2.9468 1.98437
427000 2.9468 1.98437
428000 2.9468 1.98437
429000 2.9468 1.98437
430000 2.9468 1.98437
431000 2.9468 1.98437
432000 2.9468 1.98437
433000 2.9468 1.98437
434000 2.9468 1.98437
435000 2.9468 1.98437
436000 2.9468 1.98437
437000 2.9468 1.98437
438000 2.9468 1.98437
439000 2.9468 1.98437
440000 2.9468 1.98437
441000 2.9468 1.98437
442000 2.9468 1.98437
443000 2.9468 1.98437
444000 2.9468 1.98437
445000 2.9468 1.98437
446000 2.9468 1.98437
447000 2.9468 1.98437
448000 2.9468 1.98437
449000 2.9468 1.98437
450000 2.9468 1.98437
451000 2.9468 1.98437
452000 2.9468 1.98437
453000 2.9468 1.98437
454000 2.9468 1.98437
455000 2.9468 1.98437
456000 2.9468 1.98437
457000 2.9468 1.98437
458000 2.9468 1.98437
459000 2.9468 1.98437
460000 2.9468 1.98437
461000 2.9468 1.98437
462000 2.9468 1.98437
463000 2.9468 1.98437
464000 2.9468 1.98437
465000 2.9468 1.98437
466000 2.9468 1.98437
467000 2.9468 1.98437
468000 2.9468 1.98437
469000 2.9468 1.98437
470000 2.9468 1.98437
471000 2.9468 1.98437
472000 2.9468 1.98437
473000 2.9468 1.98437
474000 2.9468 1.98437
475000 2.9468 1.98437
476000 2.9468 1.98437
477000 2.9468 1.98437
478000 2.9468 1.98437
479000 2.9468 1.98437
480000 2.9468 1.98437
481000 2.9468 1.98437
482000 2.9468 1.98437
483000 2.9468 1.98437
484000 2.9468 1.98437
485000 2.9468 1.98437
486000 2.9468 1.98437
487000 2.9468 1.98437
488000 2.9468 1.98437
489000 2.9468 1.98437
490000 2.9468 1.98437
491000 2.9468 1.98437
492000 2.9468 1.98437
493000 2.9468 1.98437
494000 2.9468 1.98437
495000 2.9468 1.98437
496000 2.9468 1.98437
497000 2.9468 1.98437
498000 2.9468 1.98437
499000 2.9468 1.98437
500000 2.9468 1.98437
