# Time-averaged data for fix 2
# TimeStep v_potEnergy v_kinEnergy v_totEnergy
51000 -1.48734 2.09755 0.610212
52000 -1.48616 2.09704 0.610886
53000 -1.4278 2.03877 0.610962
54000 -1.46147 2.07244 0.610973
55000 -1.47043 2.08159 0.611168
56000 -1.45953 2.06959 0.61006
57000 -1.49871 2.10817 0.609461
58000 -1.45799 2.06662 0.608636
59000 -1.43767 2.04746 0.609786
60000 -1.41641 2.02746 0.611052
61000 -1.42078 2.03118 0.610402
62000 -1.45178 2.06006 0.608279
63000 -1.44844 2.05828 0.609842
64000 -1.4524 2.06183 0.609424
65000 -1.46475 2.07307 0.608318
66000 -1.45733 2.06721 0.609878
67000 -1.44129 2.05288 0.611592
68000 -1.45002 2.06021 0.61019
69000 -1.45159 2.06258 0.610994
70000 -1.5134 2.12181 0.60841
71000 -1.51972 2.12725 0.607534
72000 -1.55372 2.16064 0.60692
73000 -1.53623 2.14331 0.607086
74000 -1.50516 2.11192 0.606764
75000 -1.50214 2.10917 0.607029
76000 -1.53538 2.14246 0.607072
77000 -1.50337 2.11016 0.606791
78000 -1.58873 2.19452 0.605786
79000 -1.49887 2.1083 0.609437
80000 -1.51505 2.1243 0.609253
81000 -1.52642 2.13416 0.607736
82000 -1.43697 2.04663 0.609661
83000 -1.37497 1.98613 0.611158
84000 -1.47481 2.0847 0.609892
85000 -1.43882 2.05098 0.61216
86000 -1.40545 2.01653 0.611085
87000 -1.44464 2.05431 0.609674
88000 -1.50386 2.1136 0.609737
89000 -1.407 2.01854 0.611537
90000 -1.36638 1.9784 0.612024
91000 -1.37945 1.99172 0.612279
92000 -1.41369 2.02511 0.611411
93000 -1.49281 2.10449 0.611683
94000 -1.45678 2.06854 0.611768
95000 -1.47328 2.08288 0.609599
96000 -1.47084 2.08117 0.610331
97000 -1.49091 2.09986 0.608947
98000 -1.42345 2.03459 0.611143
99000 -1.47461 2.08392 0.609305
100000 -1.42178 2.03219 0.610412
101000 -1.42462 2.03618 0.611556
102000 -1.42949 2.04226 0.612763
103000 -1.43697 2.04892 0.611946
104000 -1.41681 2.0284 0.611589
105000 -1.43907 2.05035 0.611281
106000 -1.39613 2.00749 0.611356
107000 -1.40061 2.01269 0.612072
108000 -1.44183 2.05316 0.611337
109000 -1.43827 2.05008 0.611814
110000 -1.43701 2.04672 0.609711
111000 -1.50687 2.11604 0.609162
112000 -1.4758 2.08647 0.610669
113000 -1.43218 2.04404 0.611861
114000 -1.4537 2.06438 0.61068
115000 -1.51489 2.12264 0.607745
116000 -1.51901 2.12698 0.607968
117000 -1.49218 2.10119 0.609013
118000 -1.43944 2.04908 0.60964
119000 -1.51658 2.12544 0.608863
120000 -1.52665 2.13342 0.606779
121000 -1.50071 2.10852 0.607815
122000 -1.51134 2.12059 0.609256
123000 -1.45349 2.06428 0.61079
124000 -1.41844 2.03029 0.611855
125000 -1.42139 2.03299 0.611593
126000 -1.38851 2.00108 0.612569
127000 -1.4438 2.05527 0.611465
128000 -1.47863 2.08567 0.607048
129000 -1.54688 2.15359 0.606708
130000 -1.50544 2.11498 0.60954
131000 -1.50799 2.11755 0.60956
132000 -1.4687 2.07732 0.608617
133000 -1.47015 2.07983 0.609684
134000 -1.48404 2.09394 0.609896
135000 -1.40581 2.01893 0.613122
136000 -1.4604 2.07156 0.611163
137000 -1.50164 2.11031 0.608675
138000 -1.49578 2.10338 0.607594
139000 -1.52956 2.13593 0.606369
140000 -1.54691 2.15359 0.60668
141000 -1.52702 2.13427 0.607248
142000 -1.55769 2.16448 0.606782
143000 -1.51388 2.12177 0.607888
144000 -1.44811 2.05866 0.610552
145000 -1.39589 2.00651 0.610614
146000 -1.43919 2.05 0.610812
147000 -1.4885 2.09791 0.609415
148000 -1.48528 2.09509 0.609815
149000 -1.3734 1.98517 0.611776
150000 -1.48817 2.09755 0.609374
151000 -1.51334 2.12159 0.608251
152000 -1.48638 2.09589 0.60951
153000 -1.46757 2.07938 0.611814
154000 -1.43683 2.04758 0.610752
155000 -1.47795 2.08737 0.60942
156000 -1.44948 2.05972 0.610238
157000 -1.42233 2.03088 0.608542
158000 -1.5197 2.12673 0.607034
159000 -1.45373 2.06231 0.608587
160000 -1.49341 2.1028 0.609391
161000 -1.45989 2.07008 0.610191
162000 -1.45858 2.06903 0.610453
163000 -1.44416 2.05527 0.611109
164000 -1.41309 2.02396 0.610864
165000 -1.41269 2.02294 0.610257
166000 -1.46644 2.07514 0.608698
167000 -1.44634 2.05651 0.610169
168000 -1.44015 2.05187 0.611718
169000 -1.37257 1.98616 0.613589
170000 -1.36929 1.98134 0.612059
171000 -1.38886 2.00043 0.611571
172000 -1.39726 2.00905 0.611785
173000 -1.38991 2.00215 0.612244
174000 -1.37951 1.99286 0.613353
175000 -1.39426 2.00725 0.612987
176000 -1.46473 2.07623 0.611497
177000 -1.47682 2.08661 0.609786
178000 -1.4435 2.05283 0.609327
179000 -1.43625 2.04726 0.611012
180000 -1.38997 2.0017 0.611736
181000 -1.44073 2.05223 0.611499
182000 -1.46454 2.07549 0.610949
183000 -1.51305 2.12137 0.608314
184000 -1.53215 2.14094 0.608787
185000 -1.46186 2.07158 0.609725
186000 -1.49155 2.09993 0.608382
187000 -1.53608 2.14359 0.607511
188000 -1.50742 2.11505 0.607633
189000 -1.51708 2.12513 0.608056
190000 -1.55897 2.16511 0.606141
191000 -1.59228 2.1976 0.605327
192000 -1.58035 2.18452 0.604167
193000 -1.55296 2.15855 0.605594
194000 -1.46885 2.07645 0.607593
195000 -1.38837 1.99899 0.610625
196000 -1.4341 2.0454 0.611305
197000 -1.42645 2.03739 0.610933
198000 -1.41742 2.02951 0.612092
199000 -1.41022 2.02283 0.612614
200000 -1.41262 2.0241 0.611483
