# Time-averaged data for fix 2
# TimeStep v_potEnergy v_kinEnergy v_totEnergy
51000 -1.468 2.07939 0.611397
52000 -1.48859 2.09896 0.610371
53000 -1.49859 2.10813 0.609543
54000 -1.52053 2.12927 0.608746
55000 -1.53297 2.14246 0.609492
56000 -1.49197 2.10286 0.610882
57000 -1.51933 2.13067 0.61134
58000 -1.46844 2.0798 0.611358
59000 -1.49517 2.10592 0.610752
60000 -1.44018 2.05142 0.611246
61000 -1.41602 2.02833 0.612311
62000 -1.40787 2.01994 0.612072
63000 -1.4489 2.06016 0.611254
64000 -1.40878 2.02052 0.611739
65000 -1.397 2.0092 0.612198
66000 -1.41557 2.02773 0.612161
67000 -1.45758 2.07041 0.61283
68000 -1.36356 1.97724 0.613685
69000 -1.49572 2.10728 0.611556
70000 -1.51098 2.12182 0.610835
71000 -1.43298 2.04507 0.612087
72000 -1.44598 2.05881 0.612833
73000 -1.38937 2.002 0.61264
74000 -1.41154 2.02374 0.612194
75000 -1.46677 2.0786 0.61183
76000 -1.39284 2.0053 0.612461
77000 -1.45376 2.06495 0.611185
78000 -1.49486 2.10459 0.609731
79000 -1.59365 2.20118 0.607527
80000 -1.48054 2.09058 0.610033
81000 -1.45886 2.07027 0.611409
82000 -1.51185 2.123 0.611152
83000 -1.51994 2.12959 0.609657
84000 -1.48322 2.09286 0.609639
85000 -1.48063 2.09149 0.61085
86000 -1.53646 2.14736 0.610903
87000 -1.4773 2.08833 0.611024
88000 -1.46955 2.08171 0.612157
89000 -1.42533 2.03683 0.6115
90000 -1.4548 2.06577 0.610964
91000 -1.41567 2.02842 0.612755
92000 -1.43367 2.04635 0.612683
93000 -1.41918 2.03117 0.611998
94000 -1.48619 2.09808 0.611888
95000 -1.56161 2.17322 0.611611
96000 -1.56032 2.17098 0.610656
97000 -1.47038 2.08179 0.611405
98000 -1.49052 2.10088 0.610357
99000 -1.39734 2.00921 0.611871
100000 -1.45473 2.06545 0.610718
101000 -1.52313 2.13309 0.609961
102000 -1.50108 2.11092 0.60984
103000 -1.44892 2.06079 0.611868
104000 -1.42513 2.0376 0.612467
105000 -1.46848 2.08051 0.612037
106000 -1.43064 2.0432 0.612561
107000 -1.44576 2.05914 0.613382
108000 -1.40741 2.02051 0.613099
109000 -1.39931 2.01271 0.613406
110000 -1.45196 2.06502 0.613059
111000 -1.47703 2.08852 0.611494
112000 -1.49405 2.10624 0.612192
113000 -1.46792 2.07982 0.611897
114000 -1.42565 2.03826 0.612611
115000 -1.42693 2.03984 0.612919
116000 -1.43637 2.0497 0.613325
117000 -1.44294 2.05493 0.61199
118000 -1.47738 2.08813 0.61075
119000 -1.48465 2.09598 0.611328
120000 -1.47965 2.09108 0.61143
121000 -1.45762 2.06877 0.611155
122000 -1.44831 2.06012 0.611803
123000 -1.42971 2.04202 0.612309
124000 -1.47212 2.08359 0.611469
125000 -1.51259 2.12254 0.60995
126000 -1.54354 2.1531 0.609563
127000 -1.49523 2.106 0.610767
128000 -1.47914 2.08986 0.610718
129000 -1.51338 2.12418 0.610799
130000 -1.49805 2.10863 0.610576
131000 -1.46615 2.07766 0.611507
132000 -1.47793 2.09 0.61207
133000 -1.48313 2.09465 0.611516
134000 -1.45087 2.06169 0.61082
135000 -1.52867 2.13751 0.608838
136000 -1.57558 2.18354 0.607957
137000 -1.56605 2.17352 0.607474
138000 -1.43427 2.04416 0.609885
139000 -1.48855 2.09914 0.61059
140000 -1.44894 2.05973 0.610793
141000 -1.4371 2.04895 0.611853
142000 -1.43359 2.04553 0.611933
143000 -1.40682 2.01995 0.61313
144000 -1.36706 1.98006 0.613001
145000 -1.39366 2.00643 0.612779
146000 -1.41807 2.02897 0.610897
147000 -1.36951 1.98163 0.612114
148000 -1.43151 2.04295 0.61144
149000 -1.50195 2.11162 0.609669
150000 -1.4985 2.1079 0.609406
151000 -1.56812 2.17677 0.608645
152000 -1.52433 2.13471 0.610378
153000 -1.46479 2.07726 0.612479
154000 -1.47612 2.08841 0.612288
155000 -1.49461 2.1039 0.609283
156000 -1.54595 2.15382 0.607867
157000 -1.5473 2.15547 0.608173
158000 -1.52834 2.13858 0.610238
159000 -1.46894 2.07996 0.611019
160000 -1.44165 2.0535 0.611855
161000 -1.42159 2.03314 0.611549
162000 -1.46174 2.07368 0.611947
163000 -1.47386 2.08391 0.610054
164000 -1.57767 2.18621 0.608534
165000 -1.5172 2.12595 0.608753
166000 -1.46679 2.07618 0.60939
167000 -1.48546 2.09451 0.609052
168000 -1.49002 2.09967 0.609656
169000 -1.44478 2.0551 0.610314
170000 -1.49592 2.10615 0.610232
171000 -1.44414 2.05618 0.612041
172000 -1.4256 2.03703 0.611425
173000 -1.45638 2.06765 0.611276
174000 -1.49897 2.10898 0.610008
175000 -1.55216 2.16055 0.608386
176000 -1.52523 2.13391 0.60868
177000 -1.58126 2.18905 0.607787
178000 -1.5396 2.148 0.608398
179000 -1.51299 2.1227 0.609712
180000 -1.4876 2.09872 0.611119
181000 -1.4072 2.01973 0.61253
182000 -1.3625 1.97519 0.612685
183000 -1.44023 2.052 0.611768
184000 -1.45488 2.06654 0.611665
185000 -1.44333 2.0548 0.611472
186000 -1.42225 2.03372 0.611477
187000 -1.50846 2.11717 0.608708
188000 -1.54307 2.15228 0.609205
189000 -1.49916 2.11135 0.612181
190000 -1.46026 2.07195 0.611692
191000 -1.46571 2.07654 0.610827
192000 -1.5124 2.12299 0.610582
193000 -1.53858 2.14798 0.609395
194000 -1.57979 2.18848 0.608695
195000 -1.54107 2.15135 0.610282
196000 -1.47696 2.08803 0.611062
197000 -1.44701 2.05951 0.612502
198000 -1.41163 2.02453 0.612903
199000 -1.34028 1.95384 0.613562
200000 -1.38065 1.99378 0.613135
